{
  "stats": {
    "suites": 1,
    "tests": 5,
    "passes": 5,
    "pending": 0,
    "failures": 0,
    "start": "2021-07-25T20:18:13.429Z",
    "end": "2021-07-25T20:18:16.803Z",
    "duration": 3374,
    "testsRegistered": 5,
    "passPercent": 100,
    "pendingPercent": 0,
    "other": 0,
    "hasOther": false,
    "skipped": 0,
    "hasSkipped": false
  },
  "results": [
    {
      "uuid": "698d8b94-208e-4e8a-9d1c-c0b9007b6247",
      "title": "",
      "fullFile": "cypress/integration/e2e/login_page_test.js",
      "file": "cypress/integration/e2e/login_page_test.js",
      "beforeHooks": [],
      "afterHooks": [],
      "tests": [],
      "suites": [
        {
          "uuid": "e2b7934a-57c6-4d1d-babd-2581e5630100",
          "title": "tests for login page",
          "fullFile": "",
          "file": "",
          "beforeHooks": [],
          "afterHooks": [],
          "tests": [
            {
              "title": "check if login page is opened",
              "fullTitle": "tests for login page check if login page is opened",
              "timedOut": null,
              "duration": 863,
              "state": "passed",
              "speed": "slow",
              "pass": true,
              "fail": false,
              "pending": false,
              "context": null,
              "code": "(0, _login_func.openLoginPage)();",
              "err": {},
              "uuid": "f21ebf27-0c85-4af3-ba12-6d7103ccc189",
              "parentUUID": "e2b7934a-57c6-4d1d-babd-2581e5630100",
              "isHook": false,
              "skipped": false
            },
            {
              "title": "entering credentials",
              "fullTitle": "tests for login page entering credentials",
              "timedOut": null,
              "duration": 886,
              "state": "passed",
              "speed": "slow",
              "pass": true,
              "fail": false,
              "pending": false,
              "context": null,
              "code": "(0, _login_func.successfullCredentials)();",
              "err": {},
              "uuid": "34ae8ce4-688e-4f43-907e-d1e38481cc7e",
              "parentUUID": "e2b7934a-57c6-4d1d-babd-2581e5630100",
              "isHook": false,
              "skipped": false
            },
            {
              "title": "empty fields",
              "fullTitle": "tests for login page empty fields",
              "timedOut": null,
              "duration": 445,
              "state": "passed",
              "speed": "slow",
              "pass": true,
              "fail": false,
              "pending": false,
              "context": null,
              "code": "(0, _login_func.checkEmptyFields)();",
              "err": {},
              "uuid": "928ca43e-f6c4-4804-a134-f71a6eacafaf",
              "parentUUID": "e2b7934a-57c6-4d1d-babd-2581e5630100",
              "isHook": false,
              "skipped": false
            },
            {
              "title": "empty password field",
              "fullTitle": "tests for login page empty password field",
              "timedOut": null,
              "duration": 522,
              "state": "passed",
              "speed": "slow",
              "pass": true,
              "fail": false,
              "pending": false,
              "context": null,
              "code": "(0, _login_func.passwordFieldEmpty)();",
              "err": {},
              "uuid": "7b6b1b70-6077-4068-9aff-e8fe1ad6ec5c",
              "parentUUID": "e2b7934a-57c6-4d1d-babd-2581e5630100",
              "isHook": false,
              "skipped": false
            },
            {
              "title": "empty username field",
              "fullTitle": "tests for login page empty username field",
              "timedOut": null,
              "duration": 628,
              "state": "passed",
              "speed": "slow",
              "pass": true,
              "fail": false,
              "pending": false,
              "context": null,
              "code": "(0, _login_func.usernameFieldEmpty)();",
              "err": {},
              "uuid": "86f3fb66-160c-4412-9131-969f9cec9905",
              "parentUUID": "e2b7934a-57c6-4d1d-babd-2581e5630100",
              "isHook": false,
              "skipped": false
            }
          ],
          "suites": [],
          "passes": [
            "f21ebf27-0c85-4af3-ba12-6d7103ccc189",
            "34ae8ce4-688e-4f43-907e-d1e38481cc7e",
            "928ca43e-f6c4-4804-a134-f71a6eacafaf",
            "7b6b1b70-6077-4068-9aff-e8fe1ad6ec5c",
            "86f3fb66-160c-4412-9131-969f9cec9905"
          ],
          "failures": [],
          "pending": [],
          "skipped": [],
          "duration": 3344,
          "root": false,
          "rootEmpty": false,
          "_timeout": 2000
        }
      ],
      "passes": [],
      "failures": [],
      "pending": [],
      "skipped": [],
      "duration": 0,
      "root": true,
      "rootEmpty": true,
      "_timeout": 2000
    }
  ],
  "meta": {
    "mocha": {
      "version": "7.0.1"
    },
    "mochawesome": {
      "options": {
        "quiet": false,
        "reportFilename": "mochawesome",
        "saveHtml": false,
        "saveJson": true,
        "consoleReporter": "spec",
        "useInlineDiffs": false,
        "code": true
      },
      "version": "6.2.2"
    },
    "marge": {
      "options": {
        "id": "default",
        "reportDir": "cypress/reports/mocha",
        "quite": true,
        "overwrite": false,
        "html": false,
        "json": true
      },
      "version": "5.2.0"
    }
  }
}